>> dsp(halo orld
??? dsp(halo orld
              |
Error: Unexpected MATLAB expression.

>> dsp('halo orld
??? dsp('halo orld
        |
Error: A MATLAB string constant is not terminated properly.

>> dsp('halo orld'
??? dsp('halo orld'
                     |
Error: Expression or statement is incorrect--possibly unbalanced (, {, or [.

>> dsp('halo orld')
??? Undefined function or method 'dsp' for input arguments of type 'char'.

>> disp('halo orld')
halo orld

% Sematically correct, if you want to say 'hi' to the world:
%
>> disp('hello world')
hello world

