This is pdfTeX, Version 3.14159265-2.6-1.40.18 (TeX Live 2017/Debian) (preloaded format=pdflatex 2020.8.25)  8 SEP 2020 23:14
entering extended mode
 restricted \write18 enabled.
 %&-line parsing enabled.
**lecture_03_flow_control
(/usr/share/texlive/texmf-dist/tex/latex/tools/x.tex
! Interruption.
<to be read again> 
                   \begingroup 
l.1 
    %%
? 
! Emergency stop.
<to be read again> 
                   \begingroup 
l.1 
    %%
End of file on the terminal!

 
Here is how much of TeX's memory you used:
 8 strings out of 494923
 270 string characters out of 6180742
 45839 words of memory out of 5000000
 3421 multiletter control sequences out of 15000+600000
 3640 words of font info for 14 fonts, out of 8000000 for 9000
 14 hyphenation exceptions out of 8191
 3i,0n,1p,28b,6s stack positions out of 5000i,500n,10000p,200000b,80000s
!  ==> Fatal error occurred, no output PDF file produced!
